2024/07/18 08:54:55.801754 [Main] Using redis server on port: [32m6379[0m
2024/07/18 08:54:55.802030 [Main] Started [32mMain[0m process [PID [32m5634[0m]
2024/07/18 08:54:55.806524 [Main] Started [32mPBar[0m process [PID [32m5644[0m]
2024/07/18 08:54:55.894803 [Main] Starting modules
2024/07/18 08:54:57.779982 [Main] 		Starting the module [32mARP[0m (Detect ARP attacks) [PID [32m5743[0m]
2024/07/18 08:54:57.800401 [Main] 		Starting the module [32mFlow Alerts[0m (Alerts about flows: long connection, successful ssh, password guessing, self-signed certificate, data exfiltration, etc.) [PID [32m5746[0m]
2024/07/18 08:54:57.809509 [Main] 		Starting the module [32mFlow ML Detection[0m (Train or test a Machine Learning model to detect malicious flows) [PID [32m5747[0m]
2024/07/18 08:54:57.819202 [Main] 		Starting the module [32mHTTP Analyzer[0m (Analyze HTTP flows) [PID [32m5748[0m]
2024/07/18 08:54:57.828074 [Main] 		Starting the module [32mIP Info[0m (Get different info about an IP/MAC address) [PID [32m5749[0m]
2024/07/18 08:54:57.836369 [Main] 		Starting the module [32mNetwork Discovery[0m (Detect Horizonal, Vertical Port scans, ICMP, and DHCP scans) [PID [32m5750[0m]
2024/07/18 08:54:57.846160 [Main] 		Starting the module [32mRisk IQ[0m (Module to get passive DNS info about IPs from RiskIQ) [PID [32m5751[0m]
2024/07/18 08:54:57.857288 [Main] 		Starting the module [32mRNN C&C Detection[0m (Detect C&C channels based on behavioral letters) [PID [32m5752[0m]
2024/07/18 08:54:57.890684 [Main] 		Starting the module [32mThreat Intelligence[0m (Check if the source IP or destination IP are in a malicious list of IPs) [PID [32m5850[0m]
2024/07/18 08:54:57.901185 [Main] 		Starting the module [32mTimeline[0m (Creates kalipso timeline of what happened in the network based on flows and available data) [PID [32m5852[0m]
2024/07/18 08:54:57.915379 [Main] 		Starting the module [32mUpdate Manager[0m (Update Threat Intelligence files) [PID [32m5853[0m]
2024/07/18 08:54:57.920636 [Update Manager] Checking if we need to download TI files.
2024/07/18 08:54:57.926970 [Main] 		Starting the module [32mVirustotal[0m (IP, domain and file hash lookup on Virustotal) [PID [32m5854[0m]
2024/07/18 08:54:58.428754 [Main] Disabled Modules: ['template', 'ensembling', 'exporting_alerts', 'p2ptrust', 'cesnet', 'blocking', 'leak_detector', 'cyst']
2024/07/18 08:54:58.441402 [Evidence] Storing Slips logs in output/arp-scan.pcap_2024-07-18_08:54:53/
2024/07/18 08:54:58.448324 [Main] Started [32mEvidence Process[0m [PID [32m5855[0m]
2024/07/18 08:54:58.460840 [Main] Started [32mProfiler Process[0m [PID [32m5856[0m]
2024/07/18 08:54:58.463389 [Main] Metadata added to output/arp-scan.pcap_2024-07-18_08:54:53/metadata
2024/07/18 08:54:58.472864 [Main] Started [32mInput Process[0m [PID [32m5857[0m]
2024/07/18 08:54:58.475586 [Main] Warning: Slips may generate a large amount of traffic by querying TI sites.
2024/07/18 08:54:58.481310 [Input] Storing zeek log files in output/arp-scan.pcap_2024-07-18_08:54:53/zeek_files
2024/07/18 08:55:22.971871 [Update Manager] 43 TI files successfully loaded.
2024/07/18 08:55:31.491248 [Input] We read everything. No more input. Stopping input process. Sent 2209 lines
2024/07/18 08:55:31.491362 [Input] Telling Profiler to stop because no more input is arriving.
2024/07/18 08:55:31.491424 [Input] Waiting for Profiler to stop.
2024/07/18 08:55:31.491614 [Profiler] Stopping. Total lines read: 2209
2024/07/18 08:55:31.491753 [Profiler] Marking Profiler as done processing.
2024/07/18 08:55:31.491790 [Profiler] Profiler is done processing.
2024/07/18 08:55:31.491873 [Profiler] Profiler is done telling input.py that it's done processing.
2024/07/18 08:55:31.491878 [Input] Input is done processing.
2024/07/18 08:55:31.491907 [Profiler] Stopping. Total lines read: 2209
2024/07/18 08:55:33.582714 [Main] 
---------------------------
2024/07/18 08:55:33.582968 [Main] Stopping Slips
2024/07/18 08:55:33.597090 [Main] Analysis of Traffic/arp-scan/arp-scan.pcap finished in 0.63 minutes
2024/07/18 08:55:33.597450 [Main] Total flows read (without altflows): 0
2024/07/18 08:55:33.606313 [Main] 	[32mTimeline            [0m 	Stopped. [32m13[0m left.
2024/07/18 08:55:33.675382 [Main] 	[32mProgress Bar        [0m 	Stopped. [32m12[0m left.
2024/07/18 08:55:33.675927 [Main] 	[32mThreat Intelligence [0m 	Stopped. [32m11[0m left.
2024/07/18 08:55:33.676243 [Main] 	[32mProfiler            [0m 	Stopped. [32m10[0m left.
2024/07/18 08:55:33.676511 [Main] 	[32mInput               [0m 	Stopped. [32m9[0m left.
2024/07/18 08:55:33.954089 [Main] 	[32mIP Info             [0m 	Stopped. [32m8[0m left.
2024/07/18 08:55:33.954631 [Main] 	[32mRNN C&C Detection   [0m 	Stopped. [32m7[0m left.
2024/07/18 08:55:33.954942 [Main] 	[32mHTTP Analyzer       [0m 	Stopped. [32m6[0m left.
2024/07/18 08:55:33.955213 [Main] 	[32mFlow Alerts         [0m 	Stopped. [32m5[0m left.
2024/07/18 08:55:33.955481 [Main] 	[32mFlow ML Detection   [0m 	Stopped. [32m4[0m left.
2024/07/18 08:55:33.955786 [Main] 	[32mUpdate Manager      [0m 	Stopped. [32m3[0m left.
2024/07/18 08:55:33.956055 [Main] 	[32mNetwork Discovery   [0m 	Stopped. [32m2[0m left.
2024/07/18 08:55:33.956316 [Main] 	[32mARP                 [0m 	Stopped. [32m1[0m left.
2024/07/18 08:55:33.956580 [Main] 	[32mEvidence            [0m 	Stopped. [32m0[0m left.
2024/07/18 08:55:33.963965 [Main] [Process Manager] Slips shutdown gracefully

