2024/07/31 02:23:22.412160 [Main] Using redis server on port: [32m6379[0m
2024/07/31 02:23:22.412406 [Main] Started [32mMain[0m process [PID [32m2488[0m]
2024/07/31 02:23:22.417550 [Main] Started [32mPBar[0m process [PID [32m2498[0m]
2024/07/31 02:23:22.515484 [Main] Starting modules
2024/07/31 02:23:24.162559 [Main] 		Starting the module [32mARP[0m (Detect ARP attacks) [PID [32m2597[0m]
2024/07/31 02:23:24.184881 [Main] 		Starting the module [32mFlow Alerts[0m (Alerts about flows: long connection, successful ssh, password guessing, self-signed certificate, data exfiltration, etc.) [PID [32m2600[0m]
2024/07/31 02:23:24.194243 [Main] 		Starting the module [32mFlow ML Detection[0m (Train or test a Machine Learning model to detect malicious flows) [PID [32m2601[0m]
2024/07/31 02:23:24.203041 [Main] 		Starting the module [32mHTTP Analyzer[0m (Analyze HTTP flows) [PID [32m2602[0m]
2024/07/31 02:23:24.210165 [Main] 		Starting the module [32mIP Info[0m (Get different info about an IP/MAC address) [PID [32m2603[0m]
2024/07/31 02:23:24.216402 [Main] 		Starting the module [32mNetwork Discovery[0m (Detect Horizonal, Vertical Port scans, ICMP, and DHCP scans) [PID [32m2604[0m]
2024/07/31 02:23:24.223742 [Main] 		Starting the module [32mRisk IQ[0m (Module to get passive DNS info about IPs from RiskIQ) [PID [32m2605[0m]
2024/07/31 02:23:24.231015 [Main] 		Starting the module [32mRNN C&C Detection[0m (Detect C&C channels based on behavioral letters) [PID [32m2606[0m]
2024/07/31 02:23:24.263196 [Main] 		Starting the module [32mThreat Intelligence[0m (Check if the source IP or destination IP are in a malicious list of IPs) [PID [32m2704[0m]
2024/07/31 02:23:24.272596 [Main] 		Starting the module [32mTimeline[0m (Creates kalipso timeline of what happened in the network based on flows and available data) [PID [32m2706[0m]
2024/07/31 02:23:24.285826 [Main] 		Starting the module [32mUpdate Manager[0m (Update Threat Intelligence files) [PID [32m2707[0m]
2024/07/31 02:23:24.289062 [Update Manager] Checking if we need to download TI files.
2024/07/31 02:23:24.296488 [Main] 		Starting the module [32mVirustotal[0m (IP, domain and file hash lookup on Virustotal) [PID [32m2708[0m]
2024/07/31 02:23:24.798209 [Main] Disabled Modules: ['template', 'ensembling', 'exporting_alerts', 'p2ptrust', 'cesnet', 'blocking', 'leak_detector', 'cyst']
2024/07/31 02:23:24.809833 [Evidence] Storing Slips logs in output/light_compressed.pcap_2024-07-31_02:23:20/
2024/07/31 02:23:24.818089 [Main] Started [32mEvidence Process[0m [PID [32m2709[0m]
2024/07/31 02:23:24.830476 [Main] Started [32mProfiler Process[0m [PID [32m2710[0m]
2024/07/31 02:23:24.832667 [Main] Metadata added to output/light_compressed.pcap_2024-07-31_02:23:20/metadata
2024/07/31 02:23:24.841087 [Main] Started [32mInput Process[0m [PID [32m2711[0m]
2024/07/31 02:23:24.843429 [Main] Warning: Slips may generate a large amount of traffic by querying TI sites.
2024/07/31 02:23:24.849321 [Input] Storing zeek log files in output/light_compressed.pcap_2024-07-31_02:23:20/zeek_files
2024/07/31 02:23:57.857098 [Input] We read everything. No more input. Stopping input process. Sent 78030 lines
2024/07/31 02:23:57.857169 [Input] Telling Profiler to stop because no more input is arriving.
2024/07/31 02:23:57.857229 [Input] Waiting for Profiler to stop.
2024/07/31 02:34:08.899489 [Update Manager] Updating the remote file https://osint.digitalside.it/Threat-Intel/lists/latestdomains.txt
2024/07/31 02:34:11.628078 [Update Manager] Successfully updated in DB the remote file https://osint.digitalside.it/Threat-Intel/lists/latestdomains.txt
2024/07/31 02:34:11.628237 [Update Manager] Updating the remote file https://osint.digitalside.it/Threat-Intel/lists/latestips.txt
2024/07/31 02:34:21.223482 [Update Manager] Successfully updated in DB the remote file https://osint.digitalside.it/Threat-Intel/lists/latestips.txt
2024/07/31 02:34:21.223756 [Update Manager] Updating the remote file https://rules.emergingthreats.net/fwrules/emerging-Block-IPs.txt
2024/07/31 02:34:24.022018 [Update Manager] Successfully updated in DB the remote file https://rules.emergingthreats.net/fwrules/emerging-Block-IPs.txt
2024/07/31 02:34:24.022178 [Update Manager] Updating the remote file https://lists.blocklist.de/lists/all.txt
2024/07/31 02:34:38.113006 [Update Manager] Successfully updated in DB the remote file https://lists.blocklist.de/lists/all.txt
2024/07/31 02:34:38.113298 [Update Manager] Updating the remote file https://lists.blocklist.de/lists/ssh.txt
2024/07/31 02:34:44.004020 [Update Manager] Successfully updated in DB the remote file https://lists.blocklist.de/lists/ssh.txt
2024/07/31 02:34:44.004222 [Update Manager] Updating the remote file https://lists.blocklist.de/lists/mail.txt
2024/07/31 02:34:52.767107 [Update Manager] Successfully updated in DB the remote file https://lists.blocklist.de/lists/mail.txt
2024/07/31 02:34:52.767387 [Update Manager] Updating the remote file https://lists.blocklist.de/lists/bruteforcelogin.txt
2024/07/31 02:34:55.866415 [Update Manager] Successfully updated in DB the remote file https://lists.blocklist.de/lists/bruteforcelogin.txt
2024/07/31 02:34:55.866561 [Update Manager] Updating the remote file https://feodotracker.abuse.ch/downloads/ipblocklist.csv
2024/07/31 02:34:58.626253 [Update Manager] Successfully updated in DB the remote file https://feodotracker.abuse.ch/downloads/ipblocklist.csv
2024/07/31 02:34:58.626408 [Update Manager] Updating the remote file https://www.spamhaus.org/drop/drop.txt
2024/07/31 02:35:01.433476 [Update Manager] Successfully updated in DB the remote file https://www.spamhaus.org/drop/drop.txt
2024/07/31 02:35:01.433641 [Update Manager] Updating the remote file https://hole.cert.pl/domains/domains.json
2024/07/31 02:35:39.840220 [Update Manager] Successfully updated in DB the remote file https://hole.cert.pl/domains/domains.json
2024/07/31 02:35:39.845018 [Update Manager] Updating the remote file https://raw.githubusercontent.com/rstcloud/rstthreats/master/feeds/full/random100_ioc_ip_latest.json
2024/07/31 02:35:42.635342 [Update Manager] Successfully updated in DB the remote file https://raw.githubusercontent.com/rstcloud/rstthreats/master/feeds/full/random100_ioc_ip_latest.json
2024/07/31 02:35:42.635508 [Update Manager] Updating the remote file https://raw.githubusercontent.com/CriticalPathSecurity/Zeek-Intelligence-Feeds/master/binarydefense.intel
2024/07/31 02:35:46.524011 [Update Manager] Successfully updated in DB the remote file https://raw.githubusercontent.com/CriticalPathSecurity/Zeek-Intelligence-Feeds/master/binarydefense.intel
2024/07/31 02:35:46.524196 [Update Manager] Updating the remote file https://sslbl.abuse.ch/blacklist/ja3_fingerprints.csv
2024/07/31 02:35:49.272432 [Update Manager] Successfully updated in DB the remote file https://sslbl.abuse.ch/blacklist/ja3_fingerprints.csv
2024/07/31 02:35:49.272606 [Update Manager] Updating the remote file https://sslbl.abuse.ch/blacklist/sslblacklist.csv
2024/07/31 02:35:52.069843 [Update Manager] Successfully updated in DB the remote file https://sslbl.abuse.ch/blacklist/sslblacklist.csv
2024/07/31 02:35:52.077144 [Update Manager] 38 TI files successfully loaded.
2024/07/31 02:48:03.264673 [Profiler] Stopping. Total lines read: 78030
2024/07/31 02:48:03.264895 [Profiler] Marking Profiler as done processing.
2024/07/31 02:48:03.264991 [Profiler] Profiler is done processing.
2024/07/31 02:48:03.265185 [Profiler] Profiler is done telling input.py that it's done processing.
2024/07/31 02:48:03.265277 [Profiler] Stopping. Total lines read: 78030
2024/07/31 02:48:03.265210 [Input] Input is done processing.
2024/07/31 02:48:03.544516 [Input] Stopping. Total lines read: 78030
2024/07/31 02:48:03.844511 [Main] 
---------------------------
2024/07/31 02:48:03.844755 [Main] Stopping Slips
2024/07/31 02:48:03.907248 [Main] Analysis of Traffic/dns/light/attack/light_compressed.pcap finished in 24.69 minutes
2024/07/31 02:48:03.908112 [Main] Total flows read (without altflows): 22004
2024/07/31 02:48:03.908886 [Main] 	[32mUpdate Manager      [0m 	Stopped. [32m13[0m left.
2024/07/31 02:48:03.926619 [Main] 	[32mIP Info             [0m 	Stopped. [32m12[0m left.
2024/07/31 02:48:03.926908 [Main] 	[32mProfiler            [0m 	Stopped. [32m11[0m left.
2024/07/31 02:48:03.930954 [Main] 	[32mFlow ML Detection   [0m 	Stopped. [32m10[0m left.
2024/07/31 02:48:04.204782 [Main] 	[32mARP                 [0m 	Stopped. [32m9[0m left.
2024/07/31 02:48:04.205367 [Main] 	[32mInput               [0m 	Stopped. [32m8[0m left.
2024/07/31 02:48:04.205853 [Main] 	[32mTimeline            [0m 	Stopped. [32m7[0m left.
2024/07/31 02:48:04.206239 [Main] 	[32mFlow Alerts         [0m 	Stopped. [32m6[0m left.
2024/07/31 02:48:04.206547 [Main] 	[32mProgress Bar        [0m 	Stopped. [32m5[0m left.
2024/07/31 02:48:04.206932 [Main] 	[32mHTTP Analyzer       [0m 	Stopped. [32m4[0m left.
2024/07/31 02:48:04.207324 [Main] 	[32mNetwork Discovery   [0m 	Stopped. [32m3[0m left.
2024/07/31 02:48:04.221916 [Main] 	[32mRNN C&C Detection   [0m 	Stopped. [32m2[0m left.
2024/07/31 02:48:04.222460 [Main] 	[32mThreat Intelligence [0m 	Stopped. [32m1[0m left.
2024/07/31 02:48:04.222892 [Main] 	[32mEvidence            [0m 	Stopped. [32m0[0m left.
2024/07/31 02:48:04.230655 [Main] [Process Manager] Slips shutdown gracefully

