2024/07/30 02:18:03.203805 [Main] Using redis server on port: [32m6379[0m
2024/07/30 02:18:03.204050 [Main] Started [32mMain[0m process [PID [32m155[0m]
2024/07/30 02:18:03.209018 [Main] Started [32mPBar[0m process [PID [32m166[0m]
2024/07/30 02:18:03.304880 [Main] Starting modules
2024/07/30 02:18:05.018628 [Main] 		Starting the module [32mARP[0m (Detect ARP attacks) [PID [32m264[0m]
2024/07/30 02:18:05.038683 [Main] 		Starting the module [32mFlow Alerts[0m (Alerts about flows: long connection, successful ssh, password guessing, self-signed certificate, data exfiltration, etc.) [PID [32m267[0m]
2024/07/30 02:18:05.047855 [Main] 		Starting the module [32mFlow ML Detection[0m (Train or test a Machine Learning model to detect malicious flows) [PID [32m268[0m]
2024/07/30 02:18:05.056850 [Main] 		Starting the module [32mHTTP Analyzer[0m (Analyze HTTP flows) [PID [32m269[0m]
2024/07/30 02:18:05.064514 [Main] 		Starting the module [32mIP Info[0m (Get different info about an IP/MAC address) [PID [32m270[0m]
2024/07/30 02:18:05.071164 [Main] 		Starting the module [32mNetwork Discovery[0m (Detect Horizonal, Vertical Port scans, ICMP, and DHCP scans) [PID [32m271[0m]
2024/07/30 02:18:05.078923 [Main] 		Starting the module [32mRisk IQ[0m (Module to get passive DNS info about IPs from RiskIQ) [PID [32m272[0m]
2024/07/30 02:18:05.086663 [Main] 		Starting the module [32mRNN C&C Detection[0m (Detect C&C channels based on behavioral letters) [PID [32m273[0m]
2024/07/30 02:18:05.118776 [Main] 		Starting the module [32mThreat Intelligence[0m (Check if the source IP or destination IP are in a malicious list of IPs) [PID [32m371[0m]
2024/07/30 02:18:05.128447 [Main] 		Starting the module [32mTimeline[0m (Creates kalipso timeline of what happened in the network based on flows and available data) [PID [32m373[0m]
2024/07/30 02:18:05.141672 [Main] 		Starting the module [32mUpdate Manager[0m (Update Threat Intelligence files) [PID [32m374[0m]
2024/07/30 02:18:05.145393 [Update Manager] Checking if we need to download TI files.
2024/07/30 02:18:05.152141 [Main] 		Starting the module [32mVirustotal[0m (IP, domain and file hash lookup on Virustotal) [PID [32m375[0m]
2024/07/30 02:18:05.653820 [Main] Disabled Modules: ['template', 'ensembling', 'exporting_alerts', 'p2ptrust', 'cesnet', 'blocking', 'leak_detector', 'cyst']
2024/07/30 02:18:05.666839 [Evidence] Storing Slips logs in output/light_audio.pcap_2024-07-30_02:18:01/
2024/07/30 02:18:05.673722 [Main] Started [32mEvidence Process[0m [PID [32m376[0m]
2024/07/30 02:18:05.685768 [Main] Started [32mProfiler Process[0m [PID [32m377[0m]
2024/07/30 02:18:05.687929 [Main] Metadata added to output/light_audio.pcap_2024-07-30_02:18:01/metadata
2024/07/30 02:18:05.696401 [Main] Started [32mInput Process[0m [PID [32m378[0m]
2024/07/30 02:18:05.698813 [Main] Warning: Slips may generate a large amount of traffic by querying TI sites.
2024/07/30 02:18:05.705108 [Input] Storing zeek log files in output/light_audio.pcap_2024-07-30_02:18:01/zeek_files
2024/07/30 02:18:10.176991 [Flow ML Detection] Training the model with the last group of flows and labels. Total flows: 51.0.
2024/07/30 02:18:10.195695 [Flow ML Detection] Error in process_features()
2024/07/30 02:18:11.873367 [Flow ML Detection] Training the model with the last group of flows and labels. Total flows: 101.0.
2024/07/30 02:18:11.888290 [Flow ML Detection] Error in process_features()
2024/07/30 02:18:13.760243 [Flow ML Detection] Training the model with the last group of flows and labels. Total flows: 151.0.
2024/07/30 02:18:13.776615 [Flow ML Detection] Error in process_features()
2024/07/30 02:18:15.544697 [Flow ML Detection] Training the model with the last group of flows and labels. Total flows: 201.0.
2024/07/30 02:18:15.562679 [Flow ML Detection] Error in process_features()
2024/07/30 02:18:15.946050 [Profiler] Stopping. Total lines read: 684
2024/07/30 02:18:15.946264 [Main] 
---------------------------
2024/07/30 02:18:15.946575 [Main] Stopping Slips
2024/07/30 02:18:15.946259 [Input] Stopping. Total lines read: 24776
2024/07/30 02:18:15.946719 [Update Manager] Updating the remote file https://mcfp.felk.cvut.cz/publicDatasets/CTU-AIPP-BlackList/Todays-Blacklists/AIP_blacklist_for_IPs_seen_last_24_hours.csv
2024/07/30 02:18:16.088243 [Main] Analysis of Traffic/dns/light/attack/light_audio.pcap finished in 0.21 minutes
2024/07/30 02:18:16.088551 [Main] Total flows read (without altflows): 212
2024/07/30 02:18:16.089333 [Main] 	[32mNetwork Discovery   [0m 	Stopped. [32m13[0m left.
2024/07/30 02:18:16.089532 [Main] 	[32mThreat Intelligence [0m 	Stopped. [32m12[0m left.
2024/07/30 02:18:16.089686 [Main] 	[32mFlow Alerts         [0m 	Stopped. [32m11[0m left.
2024/07/30 02:18:16.089816 [Main] 	[32mIP Info             [0m 	Stopped. [32m10[0m left.
2024/07/30 02:18:16.089943 [Main] 	[32mRNN C&C Detection   [0m 	Stopped. [32m9[0m left.
2024/07/30 02:18:16.090066 [Main] 	[32mInput               [0m 	Stopped. [32m8[0m left.
2024/07/30 02:18:18.823365 [Main] 	[32mUpdate Manager      [0m 	Stopped. [32m7[0m left.
2024/07/30 02:18:18.842852 [Main] 	[32mARP                 [0m 	Stopped. [32m6[0m left.
2024/07/30 02:18:18.862330 [Main] 	[32mProfiler            [0m 	Stopped. [32m5[0m left.
2024/07/30 02:18:18.879096 [Main] 	[32mFlow ML Detection   [0m 	Stopped. [32m4[0m left.
2024/07/30 02:18:18.897939 [Main] 	[32mHTTP Analyzer       [0m 	Stopped. [32m3[0m left.
2024/07/30 02:18:18.913897 [Main] 	[32mProgress Bar        [0m 	Stopped. [32m2[0m left.
2024/07/30 02:18:18.930339 [Main] 	[32mEvidence            [0m 	Stopped. [32m1[0m left.
2024/07/30 02:18:18.944365 [Main] 	[32mTimeline            [0m 	Stopped. [32m0[0m left.
2024/07/30 02:18:18.945318 [Main] [Process Manager] Slips didn't shutdown gracefully - User pressed ctr+c or Slips was killed by the OS

