2024/07/31 01:48:07.528294 [Main] Using redis server on port: [32m6379[0m
2024/07/31 01:48:07.528550 [Main] Started [32mMain[0m process [PID [32m2217[0m]
2024/07/31 01:48:07.533400 [Main] Started [32mPBar[0m process [PID [32m2227[0m]
2024/07/31 01:48:07.627803 [Main] Starting modules
2024/07/31 01:48:09.243815 [Main] 		Starting the module [32mARP[0m (Detect ARP attacks) [PID [32m2326[0m]
2024/07/31 01:48:09.263558 [Main] 		Starting the module [32mFlow Alerts[0m (Alerts about flows: long connection, successful ssh, password guessing, self-signed certificate, data exfiltration, etc.) [PID [32m2329[0m]
2024/07/31 01:48:09.272247 [Main] 		Starting the module [32mFlow ML Detection[0m (Train or test a Machine Learning model to detect malicious flows) [PID [32m2330[0m]
2024/07/31 01:48:09.280638 [Main] 		Starting the module [32mHTTP Analyzer[0m (Analyze HTTP flows) [PID [32m2331[0m]
2024/07/31 01:48:09.287700 [Main] 		Starting the module [32mIP Info[0m (Get different info about an IP/MAC address) [PID [32m2332[0m]
2024/07/31 01:48:09.293635 [Main] 		Starting the module [32mNetwork Discovery[0m (Detect Horizonal, Vertical Port scans, ICMP, and DHCP scans) [PID [32m2333[0m]
2024/07/31 01:48:09.300670 [Main] 		Starting the module [32mRisk IQ[0m (Module to get passive DNS info about IPs from RiskIQ) [PID [32m2334[0m]
2024/07/31 01:48:09.308685 [Main] 		Starting the module [32mRNN C&C Detection[0m (Detect C&C channels based on behavioral letters) [PID [32m2335[0m]
2024/07/31 01:48:09.340458 [Main] 		Starting the module [32mThreat Intelligence[0m (Check if the source IP or destination IP are in a malicious list of IPs) [PID [32m2433[0m]
2024/07/31 01:48:09.349197 [Main] 		Starting the module [32mTimeline[0m (Creates kalipso timeline of what happened in the network based on flows and available data) [PID [32m2434[0m]
2024/07/31 01:48:09.361450 [Main] 		Starting the module [32mUpdate Manager[0m (Update Threat Intelligence files) [PID [32m2436[0m]
2024/07/31 01:48:09.366498 [Update Manager] Checking if we need to download TI files.
2024/07/31 01:48:09.371102 [Main] 		Starting the module [32mVirustotal[0m (IP, domain and file hash lookup on Virustotal) [PID [32m2437[0m]
2024/07/31 01:48:09.872760 [Main] Disabled Modules: ['template', 'ensembling', 'exporting_alerts', 'p2ptrust', 'cesnet', 'blocking', 'leak_detector', 'cyst']
2024/07/31 01:48:09.884607 [Evidence] Storing Slips logs in output/light_text.pcap_2024-07-31_01:48:05/
2024/07/31 01:48:09.891759 [Main] Started [32mEvidence Process[0m [PID [32m2438[0m]
2024/07/31 01:48:09.903158 [Main] Started [32mProfiler Process[0m [PID [32m2439[0m]
2024/07/31 01:48:09.905300 [Main] Metadata added to output/light_text.pcap_2024-07-31_01:48:05/metadata
2024/07/31 01:48:09.913346 [Main] Started [32mInput Process[0m [PID [32m2440[0m]
2024/07/31 01:48:09.915594 [Main] Warning: Slips may generate a large amount of traffic by querying TI sites.
2024/07/31 01:48:09.918851 [Input] Storing zeek log files in output/light_text.pcap_2024-07-31_01:48:05/zeek_files
2024/07/31 01:48:42.926379 [Input] We read everything. No more input. Stopping input process. Sent 23869 lines
2024/07/31 01:48:42.926454 [Input] Telling Profiler to stop because no more input is arriving.
2024/07/31 01:48:42.926501 [Input] Waiting for Profiler to stop.
2024/07/31 01:53:34.169144 [Profiler] Stopping. Total lines read: 23869
2024/07/31 01:53:34.169375 [Profiler] Marking Profiler as done processing.
2024/07/31 01:53:34.169473 [Profiler] Profiler is done processing.
2024/07/31 01:53:34.169746 [Profiler] Profiler is done telling input.py that it's done processing.
2024/07/31 01:53:34.169845 [Profiler] Stopping. Total lines read: 23869
2024/07/31 01:53:34.169779 [Input] Input is done processing.
2024/07/31 01:53:34.619035 [Input] Stopping. Total lines read: 23869
2024/07/31 01:53:35.814975 [Main] 
---------------------------
2024/07/31 01:53:35.815205 [Main] Stopping Slips
2024/07/31 01:53:35.858082 [Main] Analysis of Traffic/dns/light/attack/light_text.pcap finished in 5.47 minutes
2024/07/31 01:53:35.858468 [Main] Total flows read (without altflows): 6590
2024/07/31 01:53:35.878765 [Main] 	[32mFlow ML Detection   [0m 	Stopped. [32m13[0m left.
2024/07/31 01:53:35.878970 [Main] 	[32mHTTP Analyzer       [0m 	Stopped. [32m12[0m left.
2024/07/31 01:53:35.982271 [Main] 	[32mRNN C&C Detection   [0m 	Stopped. [32m11[0m left.
2024/07/31 01:53:35.982673 [Main] 	[32mThreat Intelligence [0m 	Stopped. [32m10[0m left.
2024/07/31 01:53:35.982984 [Main] 	[32mInput               [0m 	Stopped. [32m9[0m left.
2024/07/31 01:53:35.983268 [Main] 	[32mARP                 [0m 	Stopped. [32m8[0m left.
2024/07/31 01:53:35.983576 [Main] 	[32mProgress Bar        [0m 	Stopped. [32m7[0m left.
2024/07/31 01:53:44.993778 [Main] 	[32mNetwork Discovery   [0m 	Stopped. [32m6[0m left.
2024/07/31 01:53:44.994189 [Main] 	[32mIP Info             [0m 	Stopped. [32m5[0m left.
2024/07/31 01:53:44.994505 [Main] 	[32mProfiler            [0m 	Stopped. [32m4[0m left.
2024/07/31 01:53:44.994738 [Main] The following modules are busy working on your data.

['Flow Alerts', 'Timeline', 'Update Manager', 'Evidence']

You can wait for them to finish, or you can press CTRL-C again to force-kill.

2024/07/31 01:53:44.994875 [Main] Update Manager may take several minutes to finish updating 45+ TI files.
2024/07/31 01:54:03.014096 [Main] 	[32mFlow Alerts         [0m 	Stopped. [32m3[0m left.
2024/07/31 01:54:03.555343 [Main] 	[32mTimeline            [0m 	Stopped. [32m2[0m left.
2024/07/31 01:54:27.064240 [Update Manager] Updating the remote file https://nerd.cesnet.cz/nerd/data/bad_ips.txt
2024/07/31 01:54:33.364015 [Update Manager] Successfully updated in DB the remote file https://nerd.cesnet.cz/nerd/data/bad_ips.txt
2024/07/31 01:54:33.365897 [Update Manager] 40 TI files successfully loaded.
2024/07/31 01:54:33.383144 [Main] 	[32mUpdate Manager      [0m 	Stopped. [32m1[0m left.
2024/07/31 01:54:33.383398 [Main] 	[32mEvidence            [0m 	Stopped. [32m0[0m left.
2024/07/31 01:54:33.390573 [Main] [Process Manager] Slips shutdown gracefully

