2024/07/30 07:36:22.063045 [Main] Using redis server on port: [32m6379[0m
2024/07/30 07:36:22.063282 [Main] Started [32mMain[0m process [PID [32m1169[0m]
2024/07/30 07:36:22.068199 [Main] Started [32mPBar[0m process [PID [32m1180[0m]
2024/07/30 07:36:22.164791 [Main] Starting modules
2024/07/30 07:36:23.868374 [Main] 		Starting the module [32mARP[0m (Detect ARP attacks) [PID [32m1278[0m]
2024/07/30 07:36:23.889615 [Main] 		Starting the module [32mFlow Alerts[0m (Alerts about flows: long connection, successful ssh, password guessing, self-signed certificate, data exfiltration, etc.) [PID [32m1281[0m]
2024/07/30 07:36:23.899384 [Main] 		Starting the module [32mFlow ML Detection[0m (Train or test a Machine Learning model to detect malicious flows) [PID [32m1282[0m]
2024/07/30 07:36:23.908978 [Main] 		Starting the module [32mHTTP Analyzer[0m (Analyze HTTP flows) [PID [32m1283[0m]
2024/07/30 07:36:23.917100 [Main] 		Starting the module [32mIP Info[0m (Get different info about an IP/MAC address) [PID [32m1284[0m]
2024/07/30 07:36:23.924039 [Main] 		Starting the module [32mNetwork Discovery[0m (Detect Horizonal, Vertical Port scans, ICMP, and DHCP scans) [PID [32m1285[0m]
2024/07/30 07:36:23.932117 [Main] 		Starting the module [32mRisk IQ[0m (Module to get passive DNS info about IPs from RiskIQ) [PID [32m1286[0m]
2024/07/30 07:36:23.939863 [Main] 		Starting the module [32mRNN C&C Detection[0m (Detect C&C channels based on behavioral letters) [PID [32m1287[0m]
2024/07/30 07:36:23.973003 [Main] 		Starting the module [32mThreat Intelligence[0m (Check if the source IP or destination IP are in a malicious list of IPs) [PID [32m1385[0m]
2024/07/30 07:36:23.983347 [Main] 		Starting the module [32mTimeline[0m (Creates kalipso timeline of what happened in the network based on flows and available data) [PID [32m1387[0m]
2024/07/30 07:36:23.997256 [Main] 		Starting the module [32mUpdate Manager[0m (Update Threat Intelligence files) [PID [32m1388[0m]
2024/07/30 07:36:24.002291 [Update Manager] Checking if we need to download TI files.
2024/07/30 07:36:24.008666 [Main] 		Starting the module [32mVirustotal[0m (IP, domain and file hash lookup on Virustotal) [PID [32m1389[0m]
2024/07/30 07:36:24.510325 [Main] Disabled Modules: ['template', 'ensembling', 'exporting_alerts', 'p2ptrust', 'cesnet', 'blocking', 'leak_detector', 'cyst']
2024/07/30 07:36:24.522641 [Evidence] Storing Slips logs in output/light_video.pcap_2024-07-30_07:36:19/
2024/07/30 07:36:24.530634 [Main] Started [32mEvidence Process[0m [PID [32m1390[0m]
2024/07/30 07:36:24.543358 [Main] Started [32mProfiler Process[0m [PID [32m1391[0m]
2024/07/30 07:36:24.545572 [Main] Metadata added to output/light_video.pcap_2024-07-30_07:36:19/metadata
2024/07/30 07:36:24.554421 [Main] Started [32mInput Process[0m [PID [32m1392[0m]
2024/07/30 07:36:24.556646 [Main] Warning: Slips may generate a large amount of traffic by querying TI sites.
2024/07/30 07:36:24.562349 [Input] Storing zeek log files in output/light_video.pcap_2024-07-30_07:36:19/zeek_files
2024/07/30 07:36:49.908176 [Update Manager] Updating the remote file https://nerd.cesnet.cz/nerd/data/bad_ips.txt
2024/07/30 07:36:52.693274 [Update Manager] 42 TI files successfully loaded.
2024/07/30 07:36:57.573252 [Input] We read everything. No more input. Stopping input process. Sent 34928 lines
2024/07/30 07:36:57.573327 [Input] Telling Profiler to stop because no more input is arriving.
2024/07/30 07:36:57.573371 [Input] Waiting for Profiler to stop.
2024/07/30 07:46:02.576460 [Profiler] Stopping. Total lines read: 34928
2024/07/30 07:46:02.576697 [Profiler] Marking Profiler as done processing.
2024/07/30 07:46:02.576808 [Profiler] Profiler is done processing.
2024/07/30 07:46:02.576989 [Profiler] Profiler is done telling input.py that it's done processing.
2024/07/30 07:46:02.577005 [Input] Input is done processing.
2024/07/30 07:46:02.577080 [Profiler] Stopping. Total lines read: 34928
2024/07/30 07:46:02.896095 [Input] Stopping. Total lines read: 34928
2024/07/30 07:46:06.131960 [Main] 
---------------------------
2024/07/30 07:46:06.132226 [Main] Stopping Slips
2024/07/30 07:46:06.173646 [Main] Analysis of Traffic/dns/light/attack/light_video.pcap finished in 9.74 minutes
2024/07/30 07:46:06.174150 [Main] Total flows read (without altflows): 9909
2024/07/30 07:46:06.193072 [Main] 	[32mIP Info             [0m 	Stopped. [32m13[0m left.
2024/07/30 07:46:06.193297 [Main] 	[32mTimeline            [0m 	Stopped. [32m12[0m left.
2024/07/30 07:46:06.193456 [Main] 	[32mThreat Intelligence [0m 	Stopped. [32m11[0m left.
2024/07/30 07:46:06.203438 [Main] 	[32mFlow Alerts         [0m 	Stopped. [32m10[0m left.
2024/07/30 07:46:06.325044 [Main] 	[32mRNN C&C Detection   [0m 	Stopped. [32m9[0m left.
2024/07/30 07:46:06.325490 [Main] 	[32mARP                 [0m 	Stopped. [32m8[0m left.
2024/07/30 07:46:06.325811 [Main] 	[32mUpdate Manager      [0m 	Stopped. [32m7[0m left.
2024/07/30 07:46:06.326082 [Main] 	[32mProfiler            [0m 	Stopped. [32m6[0m left.
2024/07/30 07:46:06.326343 [Main] 	[32mFlow ML Detection   [0m 	Stopped. [32m5[0m left.
2024/07/30 07:46:06.326621 [Main] 	[32mInput               [0m 	Stopped. [32m4[0m left.
2024/07/30 07:46:06.326887 [Main] 	[32mNetwork Discovery   [0m 	Stopped. [32m3[0m left.
2024/07/30 07:46:06.327144 [Main] 	[32mHTTP Analyzer       [0m 	Stopped. [32m2[0m left.
2024/07/30 07:46:06.327424 [Main] 	[32mProgress Bar        [0m 	Stopped. [32m1[0m left.
2024/07/30 07:46:06.327684 [Main] 	[32mEvidence            [0m 	Stopped. [32m0[0m left.
2024/07/30 07:46:06.335298 [Main] [Process Manager] Slips shutdown gracefully

