2024/07/31 03:22:03.154150 [Main] Using redis server on port: [32m6379[0m
2024/07/31 03:22:03.154317 [Main] Started [32mMain[0m process [PID [32m3331[0m]
2024/07/31 03:22:03.158349 [Main] Started [32mPBar[0m process [PID [32m3341[0m]
2024/07/31 03:22:03.252340 [Main] Starting modules
2024/07/31 03:22:04.851500 [Main] 		Starting the module [32mARP[0m (Detect ARP attacks) [PID [32m3439[0m]
2024/07/31 03:22:04.871931 [Main] 		Starting the module [32mFlow Alerts[0m (Alerts about flows: long connection, successful ssh, password guessing, self-signed certificate, data exfiltration, etc.) [PID [32m3442[0m]
2024/07/31 03:22:04.881428 [Main] 		Starting the module [32mFlow ML Detection[0m (Train or test a Machine Learning model to detect malicious flows) [PID [32m3443[0m]
2024/07/31 03:22:04.890282 [Main] 		Starting the module [32mHTTP Analyzer[0m (Analyze HTTP flows) [PID [32m3444[0m]
2024/07/31 03:22:04.897633 [Main] 		Starting the module [32mIP Info[0m (Get different info about an IP/MAC address) [PID [32m3445[0m]
2024/07/31 03:22:04.904256 [Main] 		Starting the module [32mNetwork Discovery[0m (Detect Horizonal, Vertical Port scans, ICMP, and DHCP scans) [PID [32m3446[0m]
2024/07/31 03:22:04.912098 [Main] 		Starting the module [32mRisk IQ[0m (Module to get passive DNS info about IPs from RiskIQ) [PID [32m3447[0m]
2024/07/31 03:22:04.919644 [Main] 		Starting the module [32mRNN C&C Detection[0m (Detect C&C channels based on behavioral letters) [PID [32m3448[0m]
2024/07/31 03:22:04.952039 [Main] 		Starting the module [32mThreat Intelligence[0m (Check if the source IP or destination IP are in a malicious list of IPs) [PID [32m3546[0m]
2024/07/31 03:22:04.961515 [Main] 		Starting the module [32mTimeline[0m (Creates kalipso timeline of what happened in the network based on flows and available data) [PID [32m3548[0m]
2024/07/31 03:22:04.974439 [Main] 		Starting the module [32mUpdate Manager[0m (Update Threat Intelligence files) [PID [32m3549[0m]
2024/07/31 03:22:04.978630 [Update Manager] Checking if we need to download TI files.
2024/07/31 03:22:04.984791 [Main] 		Starting the module [32mVirustotal[0m (IP, domain and file hash lookup on Virustotal) [PID [32m3550[0m]
2024/07/31 03:22:05.486476 [Main] Disabled Modules: ['template', 'ensembling', 'exporting_alerts', 'p2ptrust', 'cesnet', 'blocking', 'leak_detector', 'cyst']
2024/07/31 03:22:05.499967 [Evidence] Storing Slips logs in output/Bluetooth_DoS_train.pcap_2024-07-31_03:22:01/
2024/07/31 03:22:05.507522 [Main] Started [32mEvidence Process[0m [PID [32m3551[0m]
2024/07/31 03:22:05.520314 [Main] Started [32mProfiler Process[0m [PID [32m3552[0m]
2024/07/31 03:22:05.522486 [Main] Metadata added to output/Bluetooth_DoS_train.pcap_2024-07-31_03:22:01/metadata
2024/07/31 03:22:05.531088 [Main] Started [32mInput Process[0m [PID [32m3553[0m]
2024/07/31 03:22:05.533938 [Main] Warning: Slips may generate a large amount of traffic by querying TI sites.
2024/07/31 03:22:05.539656 [Input] Storing zeek log files in output/Bluetooth_DoS_train.pcap_2024-07-31_03:22:01/zeek_files
2024/07/31 03:22:07.211110 [Input] Zeek error. return code: 0 error:b"warning in /opt/zeek/share/zeek/base/frameworks/packet-filter/main.zeek, line 324: Warning while compiling pcap filter 'ip or not ip': Bluetooth link-layer type filtering not implemented"
2024/07/31 03:22:35.997487 [Update Manager] Updating the remote file https://mcfp.felk.cvut.cz/publicDatasets/CTU-AIPP-BlackList/Todays-Blacklists/AIP_blacklist_for_IPs_seen_last_24_hours.csv
2024/07/31 03:22:38.547164 [Input] We read everything. No more input. Stopping input process. Sent 43 lines
2024/07/31 03:22:38.547274 [Input] Telling Profiler to stop because no more input is arriving.
2024/07/31 03:22:38.547332 [Input] Waiting for Profiler to stop.
2024/07/31 03:22:38.547523 [Profiler] Stopping. Total lines read: 43
2024/07/31 03:22:38.547664 [Profiler] Marking Profiler as done processing.
2024/07/31 03:22:38.547700 [Profiler] Profiler is done processing.
2024/07/31 03:22:38.547782 [Profiler] Profiler is done telling input.py that it's done processing.
2024/07/31 03:22:38.547786 [Input] Input is done processing.
2024/07/31 03:22:38.547825 [Profiler] Stopping. Total lines read: 43
2024/07/31 03:22:40.635624 [Main] 
---------------------------
2024/07/31 03:22:40.635880 [Main] Stopping Slips
2024/07/31 03:22:40.651262 [Main] Analysis of Traffic/iot/train/Bluetooth_DoS_train.pcap finished in 0.62 minutes
2024/07/31 03:22:40.651526 [Main] Total flows read (without altflows): 0
2024/07/31 03:22:40.670745 [Main] 	[32mProgress Bar        [0m 	Stopped. [32m13[0m left.
2024/07/31 03:22:40.670926 [Main] 	[32mFlow ML Detection   [0m 	Stopped. [32m12[0m left.
2024/07/31 03:22:40.671034 [Main] 	[32mNetwork Discovery   [0m 	Stopped. [32m11[0m left.
2024/07/31 03:22:40.678992 [Main] 	[32mRNN C&C Detection   [0m 	Stopped. [32m10[0m left.
2024/07/31 03:22:40.679120 [Main] 	[32mHTTP Analyzer       [0m 	Stopped. [32m9[0m left.
2024/07/31 03:22:40.679226 [Main] 	[32mFlow Alerts         [0m 	Stopped. [32m8[0m left.
2024/07/31 03:22:40.679322 [Main] 	[32mARP                 [0m 	Stopped. [32m7[0m left.
2024/07/31 03:22:40.679414 [Main] 	[32mThreat Intelligence [0m 	Stopped. [32m6[0m left.
2024/07/31 03:22:40.679506 [Main] 	[32mInput               [0m 	Stopped. [32m5[0m left.
2024/07/31 03:22:40.679604 [Main] 	[32mTimeline            [0m 	Stopped. [32m4[0m left.
2024/07/31 03:22:40.679697 [Main] 	[32mIP Info             [0m 	Stopped. [32m3[0m left.
2024/07/31 03:22:43.683503 [Main] 	[32mProfiler            [0m 	Stopped. [32m2[0m left.
2024/07/31 03:22:43.683866 [Main] The following modules are busy working on your data.

['Update Manager', 'Evidence']

You can wait for them to finish, or you can press CTRL-C again to force-kill.

2024/07/31 03:22:43.684031 [Main] Update Manager may take several minutes to finish updating 45+ TI files.
2024/07/31 03:22:46.054331 [Update Manager] Successfully updated in DB the remote file https://mcfp.felk.cvut.cz/publicDatasets/CTU-AIPP-BlackList/Todays-Blacklists/AIP_blacklist_for_IPs_seen_last_24_hours.csv
2024/07/31 03:22:46.054674 [Update Manager] Updating the remote file https://mcfp.felk.cvut.cz/publicDatasets/CTU-AIPP-BlackList/Todays-Blacklists/AIP_historical_blacklist_prioritized_by_newest_attackers.csv
2024/07/31 03:22:53.743727 [Update Manager] Successfully updated in DB the remote file https://mcfp.felk.cvut.cz/publicDatasets/CTU-AIPP-BlackList/Todays-Blacklists/AIP_historical_blacklist_prioritized_by_newest_attackers.csv
2024/07/31 03:22:53.744021 [Update Manager] Updating the remote file https://raw.githubusercontent.com/CriticalPathSecurity/Zeek-Intelligence-Feeds/master/compromised-ips.intel
2024/07/31 03:22:56.583667 [Update Manager] Successfully updated in DB the remote file https://raw.githubusercontent.com/CriticalPathSecurity/Zeek-Intelligence-Feeds/master/compromised-ips.intel
2024/07/31 03:22:56.587401 [Update Manager] 43 TI files successfully loaded.
2024/07/31 03:22:56.611417 [Main] 	[32mUpdate Manager      [0m 	Stopped. [32m1[0m left.
2024/07/31 03:22:56.611894 [Main] 	[32mEvidence            [0m 	Stopped. [32m0[0m left.
2024/07/31 03:22:56.619355 [Main] [Process Manager] Slips shutdown gracefully

