2024/07/30 07:13:32.285021 [Main] Using redis server on port: [32m6379[0m
2024/07/30 07:13:32.285153 [Main] Started [32mMain[0m process [PID [32m861[0m]
2024/07/30 07:13:32.287966 [Main] Started [32mPBar[0m process [PID [32m872[0m]
2024/07/30 07:13:32.375596 [Main] Starting modules
2024/07/30 07:13:33.992257 [Main] 		Starting the module [32mARP[0m (Detect ARP attacks) [PID [32m970[0m]
2024/07/30 07:13:34.013031 [Main] 		Starting the module [32mFlow Alerts[0m (Alerts about flows: long connection, successful ssh, password guessing, self-signed certificate, data exfiltration, etc.) [PID [32m973[0m]
2024/07/30 07:13:34.022168 [Main] 		Starting the module [32mFlow ML Detection[0m (Train or test a Machine Learning model to detect malicious flows) [PID [32m974[0m]
2024/07/30 07:13:34.030746 [Main] 		Starting the module [32mHTTP Analyzer[0m (Analyze HTTP flows) [PID [32m975[0m]
2024/07/30 07:13:34.037873 [Main] 		Starting the module [32mIP Info[0m (Get different info about an IP/MAC address) [PID [32m976[0m]
2024/07/30 07:13:34.044022 [Main] 		Starting the module [32mNetwork Discovery[0m (Detect Horizonal, Vertical Port scans, ICMP, and DHCP scans) [PID [32m977[0m]
2024/07/30 07:13:34.051297 [Main] 		Starting the module [32mRisk IQ[0m (Module to get passive DNS info about IPs from RiskIQ) [PID [32m978[0m]
2024/07/30 07:13:34.058429 [Main] 		Starting the module [32mRNN C&C Detection[0m (Detect C&C channels based on behavioral letters) [PID [32m979[0m]
2024/07/30 07:13:34.090915 [Main] 		Starting the module [32mThreat Intelligence[0m (Check if the source IP or destination IP are in a malicious list of IPs) [PID [32m1077[0m]
2024/07/30 07:13:34.100265 [Main] 		Starting the module [32mTimeline[0m (Creates kalipso timeline of what happened in the network based on flows and available data) [PID [32m1079[0m]
2024/07/30 07:13:34.113204 [Main] 		Starting the module [32mUpdate Manager[0m (Update Threat Intelligence files) [PID [32m1080[0m]
2024/07/30 07:13:34.120620 [Update Manager] Checking if we need to download TI files.
2024/07/30 07:13:34.123848 [Main] 		Starting the module [32mVirustotal[0m (IP, domain and file hash lookup on Virustotal) [PID [32m1081[0m]
2024/07/30 07:13:34.625578 [Main] Disabled Modules: ['template', 'ensembling', 'exporting_alerts', 'p2ptrust', 'cesnet', 'blocking', 'leak_detector', 'cyst']
2024/07/30 07:13:34.638117 [Evidence] Storing Slips logs in output/light_exe.pcap_2024-07-30_07:13:30/
2024/07/30 07:13:34.645238 [Main] Started [32mEvidence Process[0m [PID [32m1082[0m]
2024/07/30 07:13:34.657697 [Main] Started [32mProfiler Process[0m [PID [32m1083[0m]
2024/07/30 07:13:34.659946 [Main] Metadata added to output/light_exe.pcap_2024-07-30_07:13:30/metadata
2024/07/30 07:13:34.668253 [Main] Started [32mInput Process[0m [PID [32m1084[0m]
2024/07/30 07:13:34.670799 [Main] Warning: Slips may generate a large amount of traffic by querying TI sites.
2024/07/30 07:13:34.676753 [Input] Storing zeek log files in output/light_exe.pcap_2024-07-30_07:13:30/zeek_files
2024/07/30 07:14:07.685436 [Input] We read everything. No more input. Stopping input process. Sent 49704 lines
2024/07/30 07:14:07.685529 [Input] Telling Profiler to stop because no more input is arriving.
2024/07/30 07:14:07.685574 [Input] Waiting for Profiler to stop.
2024/07/30 07:14:26.195907 [Update Manager] Updating the remote file https://raw.githubusercontent.com/stamparm/ipsum/master/ipsum.txt
2024/07/30 07:15:57.157523 [Update Manager] Successfully updated in DB the remote file https://raw.githubusercontent.com/stamparm/ipsum/master/ipsum.txt
2024/07/30 07:15:57.158281 [Update Manager] Updating the remote file https://raw.githubusercontent.com/ktsaou/blocklist-ipsets/master/firehol_level1.netset
2024/07/30 07:15:59.984203 [Update Manager] Successfully updated in DB the remote file https://raw.githubusercontent.com/ktsaou/blocklist-ipsets/master/firehol_level1.netset
2024/07/30 07:15:59.984360 [Update Manager] Updating the remote file https://nerd.cesnet.cz/nerd/data/bad_ips.txt
2024/07/30 07:16:02.732828 [Update Manager] 42 TI files successfully loaded.
2024/07/30 07:28:33.980504 [Profiler] Stopping. Total lines read: 49704
2024/07/30 07:28:33.980750 [Profiler] Marking Profiler as done processing.
2024/07/30 07:28:33.980879 [Profiler] Profiler is done processing.
2024/07/30 07:28:33.981114 [Profiler] Profiler is done telling input.py that it's done processing.
2024/07/30 07:28:33.981203 [Profiler] Stopping. Total lines read: 49704
2024/07/30 07:28:33.981143 [Input] Input is done processing.
2024/07/30 07:28:34.496562 [Input] Stopping. Total lines read: 49704
2024/07/30 07:28:37.055892 [Main] 
---------------------------
2024/07/30 07:28:37.056124 [Main] Stopping Slips
2024/07/30 07:28:37.118315 [Main] Analysis of Traffic/dns/light/attack/light_exe.pcap finished in 15.08 minutes
2024/07/30 07:28:37.118949 [Main] Total flows read (without altflows): 14034
2024/07/30 07:28:37.320725 [Main] 	[32mARP                 [0m 	Stopped. [32m13[0m left.
2024/07/30 07:28:37.321207 [Main] 	[32mIP Info             [0m 	Stopped. [32m12[0m left.
2024/07/30 07:28:37.321521 [Main] 	[32mFlow Alerts         [0m 	Stopped. [32m11[0m left.
2024/07/30 07:28:37.343323 [Main] 	[32mRNN C&C Detection   [0m 	Stopped. [32m10[0m left.
2024/07/30 07:28:37.742071 [Main] 	[32mTimeline            [0m 	Stopped. [32m9[0m left.
2024/07/30 07:28:37.742513 [Main] 	[32mHTTP Analyzer       [0m 	Stopped. [32m8[0m left.
2024/07/30 07:28:37.742829 [Main] 	[32mUpdate Manager      [0m 	Stopped. [32m7[0m left.
2024/07/30 07:28:37.743115 [Main] 	[32mNetwork Discovery   [0m 	Stopped. [32m6[0m left.
2024/07/30 07:28:37.743394 [Main] 	[32mFlow ML Detection   [0m 	Stopped. [32m5[0m left.
2024/07/30 07:28:37.743675 [Main] 	[32mInput               [0m 	Stopped. [32m4[0m left.
2024/07/30 07:28:37.743933 [Main] 	[32mProfiler            [0m 	Stopped. [32m3[0m left.
2024/07/30 07:28:37.744202 [Main] 	[32mProgress Bar        [0m 	Stopped. [32m2[0m left.
2024/07/30 07:28:37.744462 [Main] 	[32mThreat Intelligence [0m 	Stopped. [32m1[0m left.
2024/07/30 07:28:37.744730 [Main] 	[32mEvidence            [0m 	Stopped. [32m0[0m left.
2024/07/30 07:28:37.752446 [Main] [Process Manager] Slips shutdown gracefully

